<?xml version="1.0" encoding="UTF-8"?>
<!-- Generated by org.testng.reporters.JUnitXMLReporter -->
<testsuite ignored="4" hostname="Bineetha-PC" failures="0" tests="1" name="Default test" time="15.596" errors="0" timestamp="2025-02-05T15:47:49 IST">
  <testcase classname="mobiletest.medstore" name="@BeforeMethod setup" time="15.454">
    <failure type="org.openqa.selenium.SessionNotCreatedException" message="Could not start a new session. Response code 500. Message: An unknown server-side error occurred while processing the command. Original error: Trying to use a chromedriver binary at the path C:\Users\computer-2\Downloads\chromedriver-win64\chromedriver.exe, but it doesn&amp;apos;t exist! 
Host info: host: &amp;apos;BINEETHA-PC&amp;apos;, ip: &amp;apos;192.168.1.193&amp;apos;
Build info: version: &amp;apos;4.8.3&amp;apos;, revision: &amp;apos;b19b418e60&amp;apos;
System info: os.name: &amp;apos;Windows 10&amp;apos;, os.arch: &amp;apos;amd64&amp;apos;, os.version: &amp;apos;10.0&amp;apos;, java.version: &amp;apos;19.0.2&amp;apos;
Driver info: org.openqa.selenium.remote.RemoteWebDriver
Command: [null, newSession {capabilities=[Capabilities {appium:automationName: UIAutomator2, appium:chromedriverExecutable: C:\Users\computer-2\Downloa..., appium:deviceName: Galaxy A13, appium:newCommandTimeout: 300, appium:platformVersion: 14, browserName: chrome, platformName: ANDROID}], desiredCapabilities=Capabilities {appium:automationName: UIAutomator2, appium:chromedriverExecutable: C:\Users\computer-2\Downloa..., appium:deviceName: Galaxy A13, appium:newCommandTimeout: 300, appium:platformVersion: 14, browserName: chrome, platformName: ANDROID}}]
Capabilities {appium:automationName: UIAutomator2, appium:chromedriverExecutable: C:\Users\computer-2\Downloa..., appium:deviceName: Galaxy A13, appium:newCommandTimeout: 300, appium:platformVersion: 14, browserName: chrome, platformName: ANDROID}">
      <![CDATA[org.openqa.selenium.SessionNotCreatedException: Could not start a new session. Response code 500. Message: An unknown server-side error occurred while processing the command. Original error: Trying to use a chromedriver binary at the path C:\Users\computer-2\Downloads\chromedriver-win64\chromedriver.exe, but it doesn't exist! 
Host info: host: 'BINEETHA-PC', ip: '192.168.1.193'
Build info: version: '4.8.3', revision: 'b19b418e60'
System info: os.name: 'Windows 10', os.arch: 'amd64', os.version: '10.0', java.version: '19.0.2'
Driver info: org.openqa.selenium.remote.RemoteWebDriver
Command: [null, newSession {capabilities=[Capabilities {appium:automationName: UIAutomator2, appium:chromedriverExecutable: C:\Users\computer-2\Downloa..., appium:deviceName: Galaxy A13, appium:newCommandTimeout: 300, appium:platformVersion: 14, browserName: chrome, platformName: ANDROID}], desiredCapabilities=Capabilities {appium:automationName: UIAutomator2, appium:chromedriverExecutable: C:\Users\computer-2\Downloa..., appium:deviceName: Galaxy A13, appium:newCommandTimeout: 300, appium:platformVersion: 14, browserName: chrome, platformName: ANDROID}}]
Capabilities {appium:automationName: UIAutomator2, appium:chromedriverExecutable: C:\Users\computer-2\Downloa..., appium:deviceName: Galaxy A13, appium:newCommandTimeout: 300, appium:platformVersion: 14, browserName: chrome, platformName: ANDROID}
at org.openqa.selenium.remote.ProtocolHandshake.createSession(ProtocolHandshake.java:148)
at org.openqa.selenium.remote.ProtocolHandshake.createSession(ProtocolHandshake.java:106)
at org.openqa.selenium.remote.ProtocolHandshake.createSession(ProtocolHandshake.java:67)
at org.openqa.selenium.remote.HttpCommandExecutor.execute(HttpCommandExecutor.java:165)
at org.openqa.selenium.remote.TracedCommandExecutor.execute(TracedCommandExecutor.java:51)
at org.openqa.selenium.remote.RemoteWebDriver.execute(RemoteWebDriver.java:543)
at org.openqa.selenium.remote.RemoteWebDriver.startSession(RemoteWebDriver.java:229)
at org.openqa.selenium.remote.RemoteWebDriver.<init>(RemoteWebDriver.java:157)
at org.openqa.selenium.remote.RemoteWebDriver.<init>(RemoteWebDriver.java:139)
at mobiletest.medstore.setup(medstore.java:44)
at java.base/jdk.internal.reflect.DirectMethodHandleAccessor.invoke(DirectMethodHandleAccessor.java:104)
at java.base/java.lang.reflect.Method.invoke(Method.java:578)
at org.testng.internal.MethodInvocationHelper.invokeMethod(MethodInvocationHelper.java:133)
at org.testng.internal.MethodInvocationHelper.invokeMethodConsideringTimeout(MethodInvocationHelper.java:62)
at org.testng.internal.ConfigInvoker.invokeConfigurationMethod(ConfigInvoker.java:385)
at org.testng.internal.ConfigInvoker.invokeConfigurations(ConfigInvoker.java:321)
at org.testng.internal.TestInvoker.runConfigMethods(TestInvoker.java:700)
at org.testng.internal.TestInvoker.invokeMethod(TestInvoker.java:527)
at org.testng.internal.TestInvoker.invokeTestMethod(TestInvoker.java:173)
at org.testng.internal.MethodRunner.runInSequence(MethodRunner.java:46)
at org.testng.internal.TestInvoker$MethodInvocationAgent.invoke(TestInvoker.java:824)
at org.testng.internal.TestInvoker.invokeTestMethods(TestInvoker.java:146)
at org.testng.internal.TestMethodWorker.invokeTestMethods(TestMethodWorker.java:146)
at org.testng.internal.TestMethodWorker.run(TestMethodWorker.java:128)
at java.base/java.util.ArrayList.forEach(ArrayList.java:1511)
at org.testng.TestRunner.privateRun(TestRunner.java:794)
at org.testng.TestRunner.run(TestRunner.java:596)
at org.testng.SuiteRunner.runTest(SuiteRunner.java:377)
at org.testng.SuiteRunner.runSequentially(SuiteRunner.java:371)
at org.testng.SuiteRunner.privateRun(SuiteRunner.java:332)
at org.testng.SuiteRunner.run(SuiteRunner.java:276)
at org.testng.SuiteRunnerWorker.runSuite(SuiteRunnerWorker.java:53)
at org.testng.SuiteRunnerWorker.run(SuiteRunnerWorker.java:96)
at org.testng.TestNG.runSuitesSequentially(TestNG.java:1212)
at org.testng.TestNG.runSuitesLocally(TestNG.java:1134)
at org.testng.TestNG.runSuites(TestNG.java:1063)
at org.testng.TestNG.run(TestNG.java:1031)
at org.testng.remote.AbstractRemoteTestNG.run(AbstractRemoteTestNG.java:115)
at org.testng.remote.RemoteTestNG.initAndRun(RemoteTestNG.java:251)
at org.testng.remote.RemoteTestNG.main(RemoteTestNG.java:77)
]]>
    </failure>
  </testcase> <!-- @BeforeMethod setup -->
  <testcase classname="mobiletest.medstore" name="@AfterMethod tearDown" time="-1.738750669606E9">
    <skipped/>
  </testcase> <!-- @AfterMethod tearDown -->
  <testcase classname="mobiletest.medstore" name="SearchOption" time="0.0">
    <skipped/>
  </testcase> <!-- SearchOption -->
  <testcase classname="mobiletest.medstore" name="category" time="0.0">
    <ignored/>
  </testcase> <!-- category -->
  <testcase classname="mobiletest.medstore" name="account" time="0.0">
    <ignored/>
  </testcase> <!-- account -->
  <testcase classname="mobiletest.medstore" name="MultiplePageDirecting" time="0.0">
    <ignored/>
  </testcase> <!-- MultiplePageDirecting -->
  <testcase classname="mobiletest.medstore" name="createaccount" time="0.0">
    <ignored/>
  </testcase> <!-- createaccount -->
</testsuite> <!-- Default test -->
