{"uid":"bd6d6f489b3596d0","name":"loginScenarios","fullName":"ddclabs.DDC.loginScenarios","historyId":"ef7aef4e57be39abb14fd94790fbd164","time":{"start":1718078000371,"stop":1718078000372,"duration":1},"status":"skipped","statusMessage":"The driver executable must exist: C:\\Users\\computer-2\\Downloads\\chromedriver-win64 (6)\\chromedriver-win64\\Cchromedriver.exe","statusTrace":"java.lang.IllegalStateException: The driver executable must exist: C:\\Users\\computer-2\\Downloads\\chromedriver-win64 (6)\\chromedriver-win64\\Cchromedriver.exe\r\n\tat org.openqa.selenium.internal.Require$FileStateChecker.isFile(Require.java:345)\r\n\tat org.openqa.selenium.remote.service.DriverFinder.getPath(DriverFinder.java:39)\r\n\tat org.openqa.selenium.chrome.ChromeDriver.generateExecutor(ChromeDriver.java:98)\r\n\tat org.openqa.selenium.chrome.ChromeDriver.<init>(ChromeDriver.java:88)\r\n\tat org.openqa.selenium.chrome.ChromeDriver.<init>(ChromeDriver.java:84)\r\n\tat org.openqa.selenium.chrome.ChromeDriver.<init>(ChromeDriver.java:52)\r\n\tat ddclabs.DDC.setUp(DDC.java:38)\r\n\tat java.base/jdk.internal.reflect.DirectMethodHandleAccessor.invoke(DirectMethodHandleAccessor.java:104)\r\n\tat java.base/java.lang.reflect.Method.invoke(Method.java:578)\r\n\tat org.testng.internal.MethodInvocationHelper.invokeMethod(MethodInvocationHelper.java:133)\r\n\tat org.testng.internal.MethodInvocationHelper.invokeMethodConsideringTimeout(MethodInvocationHelper.java:62)\r\n\tat org.testng.internal.ConfigInvoker.invokeConfigurationMethod(ConfigInvoker.java:385)\r\n\tat org.testng.internal.ConfigInvoker.invokeConfigurations(ConfigInvoker.java:321)\r\n\tat org.testng.TestRunner.invokeTestConfigurations(TestRunner.java:637)\r\n\tat org.testng.TestRunner.beforeRun(TestRunner.java:627)\r\n\tat org.testng.TestRunner.run(TestRunner.java:589)\r\n\tat org.testng.SuiteRunner.runTest(SuiteRunner.java:377)\r\n\tat org.testng.SuiteRunner.runSequentially(SuiteRunner.java:371)\r\n\tat org.testng.SuiteRunner.privateRun(SuiteRunner.java:332)\r\n\tat org.testng.SuiteRunner.run(SuiteRunner.java:276)\r\n\tat org.testng.SuiteRunnerWorker.runSuite(SuiteRunnerWorker.java:53)\r\n\tat org.testng.SuiteRunnerWorker.run(SuiteRunnerWorker.java:96)\r\n\tat org.testng.TestNG.runSuitesSequentially(TestNG.java:1212)\r\n\tat org.testng.TestNG.runSuitesLocally(TestNG.java:1134)\r\n\tat org.testng.TestNG.runSuites(TestNG.java:1063)\r\n\tat org.testng.TestNG.run(TestNG.java:1031)\r\n\tat org.testng.remote.AbstractRemoteTestNG.run(AbstractRemoteTestNG.java:115)\r\n\tat org.testng.remote.RemoteTestNG.initAndRun(RemoteTestNG.java:251)\r\n\tat org.testng.remote.RemoteTestNG.main(RemoteTestNG.java:77)\r\n","flaky":false,"newFailed":false,"newBroken":false,"newPassed":false,"retriesCount":3,"retriesStatusChange":false,"beforeStages":[{"name":"setUp","time":{"start":1718078000085,"stop":1718078000146,"duration":61},"description":"","status":"broken","statusMessage":"The driver executable must exist: C:\\Users\\computer-2\\Downloads\\chromedriver-win64 (6)\\chromedriver-win64\\Cchromedriver.exe","statusTrace":"java.lang.IllegalStateException: The driver executable must exist: C:\\Users\\computer-2\\Downloads\\chromedriver-win64 (6)\\chromedriver-win64\\Cchromedriver.exe\r\n\tat org.openqa.selenium.internal.Require$FileStateChecker.isFile(Require.java:345)\r\n\tat org.openqa.selenium.remote.service.DriverFinder.getPath(DriverFinder.java:39)\r\n\tat org.openqa.selenium.chrome.ChromeDriver.generateExecutor(ChromeDriver.java:98)\r\n\tat org.openqa.selenium.chrome.ChromeDriver.<init>(ChromeDriver.java:88)\r\n\tat org.openqa.selenium.chrome.ChromeDriver.<init>(ChromeDriver.java:84)\r\n\tat org.openqa.selenium.chrome.ChromeDriver.<init>(ChromeDriver.java:52)\r\n\tat ddclabs.DDC.setUp(DDC.java:38)\r\n\tat java.base/jdk.internal.reflect.DirectMethodHandleAccessor.invoke(DirectMethodHandleAccessor.java:104)\r\n\tat java.base/java.lang.reflect.Method.invoke(Method.java:578)\r\n\tat org.testng.internal.MethodInvocationHelper.invokeMethod(MethodInvocationHelper.java:133)\r\n\tat org.testng.internal.MethodInvocationHelper.invokeMethodConsideringTimeout(MethodInvocationHelper.java:62)\r\n\tat org.testng.internal.ConfigInvoker.invokeConfigurationMethod(ConfigInvoker.java:385)\r\n\tat org.testng.internal.ConfigInvoker.invokeConfigurations(ConfigInvoker.java:321)\r\n\tat org.testng.TestRunner.invokeTestConfigurations(TestRunner.java:637)\r\n\tat org.testng.TestRunner.beforeRun(TestRunner.java:627)\r\n\tat org.testng.TestRunner.run(TestRunner.java:589)\r\n\tat org.testng.SuiteRunner.runTest(SuiteRunner.java:377)\r\n\tat org.testng.SuiteRunner.runSequentially(SuiteRunner.java:371)\r\n\tat org.testng.SuiteRunner.privateRun(SuiteRunner.java:332)\r\n\tat org.testng.SuiteRunner.run(SuiteRunner.java:276)\r\n\tat org.testng.SuiteRunnerWorker.runSuite(SuiteRunnerWorker.java:53)\r\n\tat org.testng.SuiteRunnerWorker.run(SuiteRunnerWorker.java:96)\r\n\tat org.testng.TestNG.runSuitesSequentially(TestNG.java:1212)\r\n\tat org.testng.TestNG.runSuitesLocally(TestNG.java:1134)\r\n\tat org.testng.TestNG.runSuites(TestNG.java:1063)\r\n\tat org.testng.TestNG.run(TestNG.java:1031)\r\n\tat org.testng.remote.AbstractRemoteTestNG.run(AbstractRemoteTestNG.java:115)\r\n\tat org.testng.remote.RemoteTestNG.initAndRun(RemoteTestNG.java:251)\r\n\tat org.testng.remote.RemoteTestNG.main(RemoteTestNG.java:77)\r\n","steps":[],"attachments":[],"parameters":[],"attachmentsCount":0,"shouldDisplayMessage":true,"stepsCount":0,"hasContent":true}],"afterStages":[{"name":"tearDown","time":{"start":1718078000374,"stop":1718078000374,"duration":0},"description":"","status":"broken","steps":[],"attachments":[],"parameters":[],"attachmentsCount":0,"shouldDisplayMessage":false,"stepsCount":0,"hasContent":false}],"labels":[{"name":"package","value":"ddclabs.DDC"},{"name":"testClass","value":"ddclabs.DDC"},{"name":"testMethod","value":"loginScenarios"},{"name":"parentSuite","value":"Default suite"},{"name":"suite","value":"Default test"},{"name":"subSuite","value":"ddclabs.DDC"},{"name":"host","value":"DESKTOP-OJEOPFK"},{"name":"thread","value":"15952@DESKTOP-OJEOPFK.main(1)"},{"name":"framework","value":"testng"},{"name":"language","value":"java"},{"name":"resultFormat","value":"allure2"}],"parameters":[],"links":[],"hidden":false,"retry":false,"extra":{"severity":"normal","retries":[{"uid":"a056edf04d538662","status":"skipped","statusDetails":"The driver executable must exist: C:\\Users\\computer-2\\Downloads\\chromedriver-win64 (6)\\chromedriver-win64\\Cchromedriver.exe","time":{"start":1718078000367,"stop":1718078000367,"duration":0}},{"uid":"492690a49da4484c","status":"skipped","statusDetails":"The driver executable must exist: C:\\Users\\computer-2\\Downloads\\chromedriver-win64 (6)\\chromedriver-win64\\Cchromedriver.exe","time":{"start":1718078000363,"stop":1718078000363,"duration":0}},{"uid":"3ca84766c08c9a7d","status":"skipped","statusDetails":"The driver executable must exist: C:\\Users\\computer-2\\Downloads\\chromedriver-win64 (6)\\chromedriver-win64\\Cchromedriver.exe","time":{"start":1718078000358,"stop":1718078000359,"duration":1}}],"categories":[],"tags":[]},"source":"bd6d6f489b3596d0.json","parameterValues":[]}